<testsuites id="" name="" tests="4" failures="0" skipped="0" errors="0" time="4.671843">
<testsuite name="phantom-brew.spec.ts" timestamp="2026-05-07T00:03:39.963Z" hostname="chromium" tests="4" failures="0" skipped="0" time="3.696" errors="0">
<testcase name="Phantom Brew blackbox flows › lets customers browse, filter, search, and sort menu items" classname="phantom-brew.spec.ts" time="1.022">
</testcase>
<testcase name="Phantom Brew blackbox flows › customizes a coffee item and carries the selection into the cart" classname="phantom-brew.spec.ts" time="0.837">
</testcase>
<testcase name="Phantom Brew blackbox flows › applies a coupon and removes an item from the cart" classname="phantom-brew.spec.ts" time="0.758">
</testcase>
<testcase name="Phantom Brew blackbox flows › places an order and shows it in order history" classname="phantom-brew.spec.ts" time="1.079">
</testcase>
</testsuite>
</testsuites>