<testsuites id="" name="" tests="32" failures="3" skipped="0" errors="4" time="62.100581000000005">
<testsuite name="cart.spec.ts" timestamp="2026-05-07T00:06:49.737Z" hostname="chromium" tests="8" failures="0" skipped="0" time="42.284" errors="2">
<testcase name="カートページ › 商品をカートに追加するとバッジが更新される" classname="cart.spec.ts" time="1.84">
</testcase>
<testcase name="カートページ › 複数商品をカートに追加してバッジが正しい" classname="cart.spec.ts" time="1.691">
</testcase>
<testcase name="カートページ › カートに商品が表示される" classname="cart.spec.ts" time="1.893">
</testcase>
<testcase name="カートページ › カートの合計金額が表示される" classname="cart.spec.ts" time="2.173">
</testcase>
<testcase name="カートページ › 数量の+ボタンで数量が増える" classname="cart.spec.ts" time="15.052">
<system-out>
<![CDATA[
[[ATTACHMENT|../tests/1c-playwright-naive/test-results/cart-カートページ-数量の-ボタンで数量が増える-chromium/test-failed-1.png]]

[[ATTACHMENT|../tests/1c-playwright-naive/test-results/cart-カートページ-数量の-ボタンで数量が増える-chromium/error-context.md]]
]]>
</system-out>
<error message="Test timeout of 15000ms exceeded." type="Error">
<![CDATA[  [chromium] › cart.spec.ts:81:7 › カートページ › 数量の+ボタンで数量が増える ─────────────────────────────────────────

    Test timeout of 15000ms exceeded.

    Error: locator.click: Test timeout of 15000ms exceeded.
    Call log:
      - waiting for locator('.qty-btn:has-text("+")').first()


      87 |     // +を1回クリック
      88 |     const plusBtn = page.locator('.qty-btn:has-text("+")').first();
    > 89 |     await plusBtn.click();
         |                   ^
      90 |     await page.waitForTimeout(500);
      91 |     await page.reload();
      92 |
        at /var/jenkins_home/workspace/ui-test-analytics/1c-playwright-naive/ai-in-the-loop-pipeline/ui-test-analytics/tests/1c-playwright-naive/tests/cart.spec.ts:89:19

    attachment #1: screenshot (image/png) ──────────────────────────────────────────────────────────
    ../test-results/cart-カートページ-数量の-ボタンで数量が増える-chromium/test-failed-1.png
    ────────────────────────────────────────────────────────────────────────────────────────────────

    Error Context: ../test-results/cart-カートページ-数量の-ボタンで数量が増える-chromium/error-context.md
]]>
</error>
</testcase>
<testcase name="カートページ › 数量の-ボタンで数量が減る" classname="cart.spec.ts" time="2.731">
</testcase>
<testcase name="カートページ › 商品を削除できる" classname="cart.spec.ts" time="15.107">
<system-out>
<![CDATA[
[[ATTACHMENT|../tests/1c-playwright-naive/test-results/cart-カートページ-商品を削除できる-chromium/test-failed-1.png]]

[[ATTACHMENT|../tests/1c-playwright-naive/test-results/cart-カートページ-商品を削除できる-chromium/error-context.md]]
]]>
</system-out>
<error message="Test timeout of 15000ms exceeded." type="Error">
<![CDATA[  [chromium] › cart.spec.ts:117:7 › カートページ › 商品を削除できる ──────────────────────────────────────────────

    Test timeout of 15000ms exceeded.

    Error: locator.click: Test timeout of 15000ms exceeded.
    Call log:
      - waiting for locator('.btn-remove').first()


      120 |     await page.goto('/cart');
      121 |
    > 122 |     await page.locator('.btn-remove').first().click();
          |                                               ^
      123 |     await page.waitForTimeout(500);
      124 |     await page.reload();
      125 |
        at /var/jenkins_home/workspace/ui-test-analytics/1c-playwright-naive/ai-in-the-loop-pipeline/ui-test-analytics/tests/1c-playwright-naive/tests/cart.spec.ts:122:47

    attachment #1: screenshot (image/png) ──────────────────────────────────────────────────────────
    ../test-results/cart-カートページ-商品を削除できる-chromium/test-failed-1.png
    ────────────────────────────────────────────────────────────────────────────────────────────────

    Error Context: ../test-results/cart-カートページ-商品を削除できる-chromium/error-context.md
]]>
</error>
</testcase>
<testcase name="カートページ › クーポンを適用すると割引メッセージが表示される" classname="cart.spec.ts" time="1.797">
</testcase>
</testsuite>
<testsuite name="checkout.spec.ts" timestamp="2026-05-07T00:06:49.737Z" hostname="chromium" tests="5" failures="1" skipped="0" time="14.62" errors="0">
<testcase name="チェックアウトページ › チェックアウトページが表示される" classname="checkout.spec.ts" time="2.459">
</testcase>
<testcase name="チェックアウトページ › 配送先フォームの全フィールドが表示される" classname="checkout.spec.ts" time="1.621">
</testcase>
<testcase name="チェックアウトページ › 支払い方法を選択できる" classname="checkout.spec.ts" time="6.754">
<system-out>
<![CDATA[
[[ATTACHMENT|../tests/1c-playwright-naive/test-results/checkout-チェックアウトページ-支払い方法を選択できる-chromium/test-failed-1.png]]

[[ATTACHMENT|../tests/1c-playwright-naive/test-results/checkout-チェックアウトページ-支払い方法を選択できる-chromium/error-context.md]]
]]>
</system-out>
<failure message="expect(locator).toBeChecked() failed" type="expect.toBeChecked">
<![CDATA[  [chromium] › checkout.spec.ts:41:7 › チェックアウトページ › 支払い方法を選択できる ────────────────────────────────────

    Error: expect(locator).toBeChecked() failed

    Locator: locator('input[name="payment"][value="credit"]')
    Expected: checked
    Timeout: 5000ms
    Error: element(s) not found

    Call log:
      - Expect "toBeChecked" with timeout 5000ms
      - waiting for locator('input[name="payment"][value="credit"]')


      44 |     // クレジットカードがデフォルトで選択されている
      45 |     const credit = page.locator('input[name="payment"][value="credit"]');
    > 46 |     await expect(credit).toBeChecked();
         |                          ^
      47 |
      48 |     // 代引きに切り替え
      49 |     await page.locator('input[name="payment"][value="cod"]').click();
        at /var/jenkins_home/workspace/ui-test-analytics/1c-playwright-naive/ai-in-the-loop-pipeline/ui-test-analytics/tests/1c-playwright-naive/tests/checkout.spec.ts:46:26

    attachment #1: screenshot (image/png) ──────────────────────────────────────────────────────────
    ../test-results/checkout-チェックアウトページ-支払い方法を選択できる-chromium/test-failed-1.png
    ────────────────────────────────────────────────────────────────────────────────────────────────

    Error Context: ../test-results/checkout-チェックアウトページ-支払い方法を選択できる-chromium/error-context.md
]]>
</failure>
</testcase>
<testcase name="チェックアウトページ › 注文サマリーが表示される" classname="checkout.spec.ts" time="1.99">
</testcase>
<testcase name="チェックアウトページ › 正常な情報で注文を確定できる" classname="checkout.spec.ts" time="1.796">
</testcase>
</testsuite>
<testsuite name="menu-and-detail.spec.ts" timestamp="2026-05-07T00:06:49.737Z" hostname="chromium" tests="9" failures="0" skipped="0" time="8.191" errors="0">
<testcase name="メニューページ › 商品一覧が表示される" classname="menu-and-detail.spec.ts" time="1.392">
</testcase>
<testcase name="メニューページ › カテゴリフィルターが動作する" classname="menu-and-detail.spec.ts" time="0.887">
</testcase>
<testcase name="メニューページ › 価格で昇順ソートできる" classname="menu-and-detail.spec.ts" time="1.647">
</testcase>
<testcase name="メニューページ › ソート後に商品カードをクリックして詳細に遷移できる" classname="menu-and-detail.spec.ts" time="1.963">
</testcase>
<testcase name="メニューページ › 商品カードのAdd to Cartボタンが動作する" classname="menu-and-detail.spec.ts" time="0.815">
</testcase>
<testcase name="メニューページ › 検索で商品を絞り込める" classname="menu-and-detail.spec.ts" time="0.461">
</testcase>
<testcase name="商品詳細ページ › サイズ変更で価格が変わる" classname="menu-and-detail.spec.ts" time="0.346">
</testcase>
<testcase name="商品詳細ページ › オプションを選択すると価格に反映される" classname="menu-and-detail.spec.ts" time="0.344">
</testcase>
<testcase name="商品詳細ページ › 数量を変更すると合計に反映される" classname="menu-and-detail.spec.ts" time="0.336">
</testcase>
</testsuite>
<testsuite name="orders.spec.ts" timestamp="2026-05-07T00:06:49.737Z" hostname="chromium" tests="10" failures="2" skipped="0" time="46.836" errors="2">
<testcase name="注文ステータスページ › 注文後にステータスページが表示される" classname="orders.spec.ts" time="1.916">
</testcase>
<testcase name="注文ステータスページ › ステータスが「received」で始まる" classname="orders.spec.ts" time="1.835">
</testcase>
<testcase name="注文ステータスページ › ステータスが「preparing」に進む" classname="orders.spec.ts" time="6.704">
<system-out>
<![CDATA[
[[ATTACHMENT|../tests/1c-playwright-naive/test-results/orders-注文ステータスページ-ステータスが「preparing」に進む-chromium/test-failed-1.png]]

[[ATTACHMENT|../tests/1c-playwright-naive/test-results/orders-注文ステータスページ-ステータスが「preparing」に進む-chromium/error-context.md]]
]]>
</system-out>
<failure message="expect(received).toBe(expected) // Object.is equality" type="expect.toBe">
<![CDATA[  [chromium] › orders.spec.ts:41:7 › 注文ステータスページ › ステータスが「preparing」に進む ─────────────────────────────

    Error: expect(received).toBe(expected) // Object.is equality

    Expected: "preparing"
    Received: "received"

      49 |
      50 |     // FP-2: ランダム遅延で5秒以内にpreparingに進まない場合がある
    > 51 |     expect(status).toBe('preparing');
         |                    ^
      52 |   });
      53 |
      54 |   test('最終的にステータスが「completed」になる', async ({ page }) => {
        at /var/jenkins_home/workspace/ui-test-analytics/1c-playwright-naive/ai-in-the-loop-pipeline/ui-test-analytics/tests/1c-playwright-naive/tests/orders.spec.ts:51:20

    attachment #1: screenshot (image/png) ──────────────────────────────────────────────────────────
    ../test-results/orders-注文ステータスページ-ステータスが「preparing」に進む-chromium/test-failed-1.png
    ────────────────────────────────────────────────────────────────────────────────────────────────

    Error Context: ../test-results/orders-注文ステータスページ-ステータスが「preparing」に進む-chromium/error-context.md
]]>
</failure>
</testcase>
<testcase name="注文ステータスページ › 最終的にステータスが「completed」になる" classname="orders.spec.ts" time="15.083">
<system-out>
<![CDATA[
[[ATTACHMENT|../tests/1c-playwright-naive/test-results/orders-注文ステータスページ-最終的にステータスが「completed」になる-chromium/test-failed-1.png]]

[[ATTACHMENT|../tests/1c-playwright-naive/test-results/orders-注文ステータスページ-最終的にステータスが「completed」になる-chromium/error-context.md]]
]]>
</system-out>
<error message="Test timeout of 15000ms exceeded." type="Error">
<![CDATA[  [chromium] › orders.spec.ts:54:7 › 注文ステータスページ › 最終的にステータスが「completed」になる ─────────────────────────

    Test timeout of 15000ms exceeded.

    Error: expect(locator).toHaveText(expected) failed

    Locator:  locator('#current-status')
    Expected: "completed"
    Received: "received"

    Call log:
      - Expect "toHaveText" with timeout 15000ms
      - waiting for locator('#current-status')
        17 × locator resolved to <strong id="current-status">received</strong>
           - unexpected value "received"


      58 |
      59 |     // completedになるまで待つ（タイムアウト15秒 = playwright.config.ts のデフォルト）
    > 60 |     await expect(page.locator('#current-status')).toHaveText('completed', { timeout: 15000 });
         |                                                   ^
      61 |   });
      62 |
      63 |   test('予想配達時間が表示される', async ({ page }) => {
        at /var/jenkins_home/workspace/ui-test-analytics/1c-playwright-naive/ai-in-the-loop-pipeline/ui-test-analytics/tests/1c-playwright-naive/tests/orders.spec.ts:60:51

    attachment #1: screenshot (image/png) ──────────────────────────────────────────────────────────
    ../test-results/orders-注文ステータスページ-最終的にステータスが「completed」になる-chromium/test-failed-1.png
    ────────────────────────────────────────────────────────────────────────────────────────────────

    Error Context: ../test-results/orders-注文ステータスページ-最終的にステータスが「completed」になる-chromium/error-context.md
]]>
</error>
</testcase>
<testcase name="注文ステータスページ › 予想配達時間が表示される" classname="orders.spec.ts" time="1.799">
</testcase>
<testcase name="注文履歴ページ › 注文履歴に注文が表示される" classname="orders.spec.ts" time="1.298">
</testcase>
<testcase name="注文履歴ページ › 注文履歴の各行に必要な情報が表示される" classname="orders.spec.ts" time="1.201">
</testcase>
<testcase name="注文履歴ページ › 注文履歴からステータスページに遷移できる" classname="orders.spec.ts" time="1.326">
</testcase>
<testcase name="注文履歴ページ › ページネーションが正しく動作する" classname="orders.spec.ts" time="15.049">
<system-out>
<![CDATA[
[[ATTACHMENT|../tests/1c-playwright-naive/test-results/orders-注文履歴ページ-ページネーションが正しく動作する-chromium/test-failed-1.png]]

[[ATTACHMENT|../tests/1c-playwright-naive/test-results/orders-注文履歴ページ-ページネーションが正しく動作する-chromium/error-context.md]]
]]>
</system-out>
<error message="Test timeout of 15000ms exceeded." type="Error">
<![CDATA[  [chromium] › orders.spec.ts:116:7 › 注文履歴ページ › ページネーションが正しく動作する ───────────────────────────────────

    Test timeout of 15000ms exceeded.

    Error: page.fill: Test timeout of 15000ms exceeded.
    Call log:
      - waiting for locator('#customer-name')


      79 |     await page.waitForTimeout(300);
      80 |     await page.goto('/checkout');
    > 81 |     await page.fill('#customer-name', 'テスト');
         |                ^
      82 |     await page.fill('#customer-email', 'test@example.com');
      83 |     await page.fill('#customer-address', '東京都');
      84 |     await page.fill('#customer-phone', '000-0000-0000');
        at placeQuickOrder (/var/jenkins_home/workspace/ui-test-analytics/1c-playwright-naive/ai-in-the-loop-pipeline/ui-test-analytics/tests/1c-playwright-naive/tests/orders.spec.ts:81:16)
        at /var/jenkins_home/workspace/ui-test-analytics/1c-playwright-naive/ai-in-the-loop-pipeline/ui-test-analytics/tests/1c-playwright-naive/tests/orders.spec.ts:121:7

    attachment #1: screenshot (image/png) ──────────────────────────────────────────────────────────
    ../test-results/orders-注文履歴ページ-ページネーションが正しく動作する-chromium/test-failed-1.png
    ────────────────────────────────────────────────────────────────────────────────────────────────

    Error Context: ../test-results/orders-注文履歴ページ-ページネーションが正しく動作する-chromium/error-context.md
]]>
</error>
</testcase>
<testcase name="レート制限テスト › 通常のページ遷移でエラーが出ない" classname="orders.spec.ts" time="0.625">
<system-out>
<![CDATA[
[[ATTACHMENT|../tests/1c-playwright-naive/test-results/orders-レート制限テスト-通常のページ遷移でエラーが出ない-chromium/test-failed-1.png]]

[[ATTACHMENT|../tests/1c-playwright-naive/test-results/orders-レート制限テスト-通常のページ遷移でエラーが出ない-chromium/error-context.md]]
]]>
</system-out>
<failure message="expect(locator).toBeVisible() failed" type="expect.toBeVisible">
<![CDATA[  [chromium] › orders.spec.ts:141:7 › レート制限テスト › 通常のページ遷移でエラーが出ない ──────────────────────────────────

    Error: expect(locator).toBeVisible() failed

    Locator: locator('h1, .product-card')
    Expected: visible
    Error: strict mode violation: locator('h1, .product-card') resolved to 10 elements:
        1) <div data-product-id="1" data-href="/menu/1" class="product-card animate-in">…</div> aka getByText('Coffee House Blend ¥320 ~ Add')
        2) <div data-product-id="2" data-href="/menu/2" class="product-card animate-in">…</div> aka getByText('Coffee Espresso ¥280 ~ Add to')
        3) <div data-product-id="3" data-href="/menu/3" class="product-card animate-in">…</div> aka getByText('Coffee Cafe Latte ¥380 ~ Add')
        4) <div data-product-id="4" data-href="/menu/4" class="product-card animate-in">…</div> aka getByText('Coffee Matcha Latte ¥420 ~ Add to Cart')
        5) <div data-product-id="5" data-href="/menu/5" class="product-card animate-in">…</div> aka getByText('Food Croissant ¥280 Add to')
        6) <div data-product-id="6" data-href="/menu/6" class="product-card animate-in">…</div> aka getByText('Food BLT Sandwich ¥520 Add to')
        7) <div data-product-id="7" data-href="/menu/7" class="product-card animate-in">…</div> aka getByText('Sweets Cheese Cake ¥450 Add')
        8) <div data-product-id="8" data-href="/menu/8" class="product-card animate-in">…</div> aka getByText('Sweets Tiramisu ¥480 Add to')
        9) <div data-product-id="9" data-href="/menu/9" class="product-card animate-in">…</div> aka getByText('Sweets Chocolate Scone ¥320 Add to Cart')
        10) <div data-product-id="10" data-href="/menu/10" class="product-card animate-in">…</div> aka getByText('Coffee Cold Brew ¥350 ~ Add')

    Call log:
      - Expect "toBeVisible" with timeout 5000ms
      - waiting for locator('h1, .product-card')


      145 |
      146 |     await page.goto('/menu');
    > 147 |     await expect(page.locator('h1, .product-card')).toBeVisible();
          |                                                     ^
      148 |
      149 |     await page.goto('/cart');
      150 |     // カートが空でもページ自体は表示される
        at /var/jenkins_home/workspace/ui-test-analytics/1c-playwright-naive/ai-in-the-loop-pipeline/ui-test-analytics/tests/1c-playwright-naive/tests/orders.spec.ts:147:53

    attachment #1: screenshot (image/png) ──────────────────────────────────────────────────────────
    ../test-results/orders-レート制限テスト-通常のページ遷移でエラーが出ない-chromium/test-failed-1.png
    ────────────────────────────────────────────────────────────────────────────────────────────────

    Error Context: ../test-results/orders-レート制限テスト-通常のページ遷移でエラーが出ない-chromium/error-context.md
]]>
</failure>
</testcase>
</testsuite>
</testsuites>